Edit Log for E85mapMK9(PD).bin created by TunerPro.
**************************************************************************
07/28/2025 23:42:51  Table:     Antilag Boost Target changed.
07/28/2025 23:44:50  Table:     Perf display scaling - torque changed.
07/28/2025 23:44:51  Table:     Perf display scaling - power changed.
07/28/2025 23:45:24  Table:     Boost Ceiling (Relative) (Gear x RPM) (Map 1) changed.
07/28/2025 23:45:52  Table:     Boost Ceiling (Relative) (Gear x RPM) (Map 2) changed.
07/28/2025 23:46:30  Table:     Fuel Scalar (Map 2) changed.
07/28/2025 23:47:04  Table:     Fuel (Main) (Map 2) changed.
07/28/2025 23:47:09  Table:     Fuel (Spool) (Map 2) changed.
07/28/2025 23:48:12  Table:     Timing (Spool) (Map 2) changed.
07/28/2025 23:48:18  Table:     Timing (Spool) (Path 2) (Map 2) changed.
07/28/2025 23:48:49  Table:     Timing (Main) (Map 2) changed.
07/28/2025 23:49:05  Table:     Timing (Main) (Map 2) changed.
07/28/2025 23:49:59  Table:     Active Map Slots changed.
07/28/2025 23:50:02  Table:     Enable Map Switch changed.
07/28/2025 23:50:05  Table:     Static Ethanol Content (Map 2) changed.
07/28/2025 23:50:08  Table:     Static Ethanol Content (Map 3) changed.
07/28/2025 23:50:12  Table:     Active Map Slots changed.
07/28/2025 23:51:29  Table:     Timing (Spool) (Map 3) changed.
07/28/2025 23:51:44  Table:     Timing (Spool) (Path 2) (Map 3) changed.
07/28/2025 23:52:08  Table:     Timing (Main) (Path 2) (Map 3) changed.
07/28/2025 23:52:16  Table:     Timing (Main) (Map 3) changed.
07/28/2025 23:53:38  Table:     Timing (Main) (Map 3) - Load changed.
07/28/2025 23:53:46  Table:     Timing (Main) (Path 2) (Map 2) - Load changed.
07/28/2025 23:53:50  Table:     Timing (Main) (Path 2) (Map 3) - Load changed.
07/28/2025 23:53:55  Table:     Timing (Main) (Map 2) - Load changed.
07/28/2025 23:54:39  Table:     Fuel Scalar (Map 3) changed.
07/28/2025 23:55:12  Table:     Fuel (Spool) (Map 3) changed.
07/28/2025 23:55:21  Table:     Fuel (Main) (Map 3) changed.
